desc: --stacks=yes --massif-out-file=./noIO_programs/build/massif/ackermann_all.massif.out
cmd: ./noIO_programs/build/ackermann
time_unit: i
#-----------
snapshot=0
#-----------
time=0
mem_heap_B=0
mem_heap_extra_B=0
mem_stacks_B=0
heap_tree=empty
#-----------
snapshot=1
#-----------
time=2549547013
mem_heap_B=0
mem_heap_extra_B=0
mem_stacks_B=519760
heap_tree=detailed
n0: 0 (heap allocation functions) malloc/new/new[], --alloc-fns, etc.
#-----------
snapshot=2
#-----------
time=4301632380
mem_heap_B=0
mem_heap_extra_B=0
mem_stacks_B=635536
heap_tree=empty
#-----------
snapshot=3
#-----------
time=5688927885
mem_heap_B=0
mem_heap_extra_B=0
mem_stacks_B=627616
heap_tree=empty
#-----------
snapshot=4
#-----------
time=7656661682
mem_heap_B=0
mem_heap_extra_B=0
mem_stacks_B=575536
heap_tree=empty
#-----------
snapshot=5
#-----------
time=9843935913
mem_heap_B=0
mem_heap_extra_B=0
mem_stacks_B=647728
heap_tree=empty
#-----------
snapshot=6
#-----------
time=11413224362
mem_heap_B=0
mem_heap_extra_B=0
mem_stacks_B=720064
heap_tree=empty
#-----------
snapshot=7
#-----------
time=12713970225
mem_heap_B=0
mem_heap_extra_B=0
mem_stacks_B=668080
heap_tree=empty
#-----------
snapshot=8
#-----------
time=14184811185
mem_heap_B=0
mem_heap_extra_B=0
mem_stacks_B=1044928
heap_tree=empty
#-----------
snapshot=9
#-----------
time=16032465523
mem_heap_B=0
mem_heap_extra_B=0
mem_stacks_B=763168
heap_tree=empty
#-----------
snapshot=10
#-----------
time=18641796377
mem_heap_B=0
mem_heap_extra_B=0
mem_stacks_B=851536
heap_tree=empty
#-----------
snapshot=11
#-----------
time=20368032152
mem_heap_B=0
mem_heap_extra_B=0
mem_stacks_B=359824
heap_tree=empty
#-----------
snapshot=12
#-----------
time=21969978513
mem_heap_B=0
mem_heap_extra_B=0
mem_stacks_B=1071616
heap_tree=empty
#-----------
snapshot=13
#-----------
time=24201488647
mem_heap_B=0
mem_heap_extra_B=0
mem_stacks_B=978784
heap_tree=empty
#-----------
snapshot=14
#-----------
time=25978090432
mem_heap_B=0
mem_heap_extra_B=0
mem_stacks_B=1480768
heap_tree=detailed
n0: 0 (heap allocation functions) malloc/new/new[], --alloc-fns, etc.
#-----------
snapshot=15
#-----------
time=27202672329
mem_heap_B=0
mem_heap_extra_B=0
mem_stacks_B=838144
heap_tree=empty
#-----------
snapshot=16
#-----------
time=29044530446
mem_heap_B=0
mem_heap_extra_B=0
mem_stacks_B=767248
heap_tree=empty
#-----------
snapshot=17
#-----------
time=30477267149
mem_heap_B=0
mem_heap_extra_B=0
mem_stacks_B=260688
heap_tree=empty
#-----------
snapshot=18
#-----------
time=32146161376
mem_heap_B=0
mem_heap_extra_B=0
mem_stacks_B=1736608
heap_tree=detailed
n0: 0 (heap allocation functions) malloc/new/new[], --alloc-fns, etc.
#-----------
snapshot=19
#-----------
time=34607212776
mem_heap_B=0
mem_heap_extra_B=0
mem_stacks_B=1655920
heap_tree=empty
#-----------
snapshot=20
#-----------
time=36473101131
mem_heap_B=0
mem_heap_extra_B=0
mem_stacks_B=1318528
heap_tree=empty
#-----------
snapshot=21
#-----------
time=38557194496
mem_heap_B=0
mem_heap_extra_B=0
mem_stacks_B=2016352
heap_tree=detailed
n0: 0 (heap allocation functions) malloc/new/new[], --alloc-fns, etc.
#-----------
snapshot=22
#-----------
time=41219105958
mem_heap_B=0
mem_heap_extra_B=0
mem_stacks_B=1504432
heap_tree=empty
#-----------
snapshot=23
#-----------
time=42877950692
mem_heap_B=0
mem_heap_extra_B=0
mem_stacks_B=1180624
heap_tree=empty
#-----------
snapshot=24
#-----------
time=45176220102
mem_heap_B=0
mem_heap_extra_B=0
mem_stacks_B=1503568
heap_tree=empty
#-----------
snapshot=25
#-----------
time=47181620287
mem_heap_B=0
mem_heap_extra_B=0
mem_stacks_B=1413376
heap_tree=empty
#-----------
snapshot=26
#-----------
time=49597018459
mem_heap_B=0
mem_heap_extra_B=0
mem_stacks_B=2272240
heap_tree=detailed
n0: 0 (heap allocation functions) malloc/new/new[], --alloc-fns, etc.
#-----------
snapshot=27
#-----------
time=51764576912
mem_heap_B=0
mem_heap_extra_B=0
mem_stacks_B=909456
heap_tree=empty
#-----------
snapshot=28
#-----------
time=54362784972
mem_heap_B=0
mem_heap_extra_B=0
mem_stacks_B=974128
heap_tree=empty
#-----------
snapshot=29
#-----------
time=56212775797
mem_heap_B=0
mem_heap_extra_B=0
mem_stacks_B=1309312
heap_tree=empty
#-----------
snapshot=30
#-----------
time=57721798291
mem_heap_B=0
mem_heap_extra_B=0
mem_stacks_B=2412112
heap_tree=detailed
n0: 0 (heap allocation functions) malloc/new/new[], --alloc-fns, etc.
#-----------
snapshot=31
#-----------
time=60084094636
mem_heap_B=0
mem_heap_extra_B=0
mem_stacks_B=2030320
heap_tree=empty
#-----------
snapshot=32
#-----------
time=61696194029
mem_heap_B=0
mem_heap_extra_B=0
mem_stacks_B=1915936
heap_tree=empty
#-----------
snapshot=33
#-----------
time=63369728792
mem_heap_B=0
mem_heap_extra_B=0
mem_stacks_B=707248
heap_tree=empty
#-----------
snapshot=34
#-----------
time=65106037857
mem_heap_B=0
mem_heap_extra_B=0
mem_stacks_B=2128624
heap_tree=empty
#-----------
snapshot=35
#-----------
time=66906473204
mem_heap_B=0
mem_heap_extra_B=0
mem_stacks_B=2477200
heap_tree=empty
#-----------
snapshot=36
#-----------
time=68775979817
mem_heap_B=0
mem_heap_extra_B=0
mem_stacks_B=2105728
heap_tree=empty
#-----------
snapshot=37
#-----------
time=69902235067
mem_heap_B=0
mem_heap_extra_B=0
mem_stacks_B=2586256
heap_tree=detailed
n0: 0 (heap allocation functions) malloc/new/new[], --alloc-fns, etc.
#-----------
snapshot=38
#-----------
time=71522847937
mem_heap_B=0
mem_heap_extra_B=0
mem_stacks_B=1491136
heap_tree=empty
#-----------
snapshot=39
#-----------
time=73527858397
mem_heap_B=0
mem_heap_extra_B=0
mem_stacks_B=2413024
heap_tree=empty
#-----------
snapshot=40
#-----------
time=76136167291
mem_heap_B=0
mem_heap_extra_B=0
mem_stacks_B=2664688
heap_tree=detailed
n0: 0 (heap allocation functions) malloc/new/new[], --alloc-fns, etc.
#-----------
snapshot=41
#-----------
time=77756780158
mem_heap_B=0
mem_heap_extra_B=0
mem_stacks_B=2286640
heap_tree=empty
#-----------
snapshot=42
#-----------
time=79983930423
mem_heap_B=0
mem_heap_extra_B=0
mem_stacks_B=825408
heap_tree=empty
#-----------
snapshot=43
#-----------
time=81471168492
mem_heap_B=0
mem_heap_extra_B=0
mem_stacks_B=753088
heap_tree=empty
#-----------
snapshot=44
#-----------
time=83042719636
mem_heap_B=0
mem_heap_extra_B=0
mem_stacks_B=2745472
heap_tree=detailed
n0: 0 (heap allocation functions) malloc/new/new[], --alloc-fns, etc.
#-----------
snapshot=45
#-----------
time=84663332497
mem_heap_B=0
mem_heap_extra_B=0
mem_stacks_B=806992
heap_tree=empty
#-----------
snapshot=46
#-----------
time=86312568865
mem_heap_B=0
mem_heap_extra_B=0
mem_stacks_B=1003840
heap_tree=empty
#-----------
snapshot=47
#-----------
time=87933181749
mem_heap_B=0
mem_heap_extra_B=0
mem_stacks_B=1726816
heap_tree=empty
#-----------
snapshot=48
#-----------
time=90674043232
mem_heap_B=0
mem_heap_extra_B=0
mem_stacks_B=2828704
heap_tree=detailed
n0: 0 (heap allocation functions) malloc/new/new[], --alloc-fns, etc.
#-----------
snapshot=49
#-----------
time=92294656097
mem_heap_B=0
mem_heap_extra_B=0
mem_stacks_B=1165408
heap_tree=empty
#-----------
snapshot=50
#-----------
time=93389920612
mem_heap_B=0
mem_heap_extra_B=0
mem_stacks_B=2857024
heap_tree=detailed
n0: 0 (heap allocation functions) malloc/new/new[], --alloc-fns, etc.
#-----------
snapshot=51
#-----------
time=94516175862
mem_heap_B=0
mem_heap_extra_B=0
mem_stacks_B=2321968
heap_tree=empty
#-----------
snapshot=52
#-----------
time=95642431113
mem_heap_B=0
mem_heap_extra_B=0
mem_stacks_B=1143808
heap_tree=empty
#-----------
snapshot=53
#-----------
time=96194913556
mem_heap_B=0
mem_heap_extra_B=0
mem_stacks_B=2885632
heap_tree=detailed
n0: 0 (heap allocation functions) malloc/new/new[], --alloc-fns, etc.
#-----------
snapshot=54
#-----------
time=97321168823
mem_heap_B=0
mem_heap_extra_B=0
mem_stacks_B=1335136
heap_tree=empty
#-----------
snapshot=55
#-----------
time=98447424092
mem_heap_B=0
mem_heap_extra_B=0
mem_stacks_B=783424
heap_tree=empty
#-----------
snapshot=56
#-----------
time=99090888736
mem_heap_B=0
mem_heap_extra_B=0
mem_stacks_B=2914528
heap_tree=detailed
n0: 0 (heap allocation functions) malloc/new/new[], --alloc-fns, etc.
#-----------
snapshot=57
#-----------
time=100217143996
mem_heap_B=0
mem_heap_extra_B=0
mem_stacks_B=1156912
heap_tree=empty
#-----------
snapshot=58
#-----------
time=101343399255
mem_heap_B=0
mem_heap_extra_B=0
mem_stacks_B=439584
heap_tree=empty
#-----------
snapshot=59
#-----------
time=102079731616
mem_heap_B=0
mem_heap_extra_B=0
mem_stacks_B=2943712
heap_tree=detailed
n0: 0 (heap allocation functions) malloc/new/new[], --alloc-fns, etc.
#-----------
snapshot=60
#-----------
time=103205986883
mem_heap_B=0
mem_heap_extra_B=0
mem_stacks_B=1803328
heap_tree=empty
#-----------
snapshot=61
#-----------
time=104332242134
mem_heap_B=0
mem_heap_extra_B=0
mem_stacks_B=1895824
heap_tree=empty
#-----------
snapshot=62
#-----------
time=105163346452
mem_heap_B=0
mem_heap_extra_B=0
mem_stacks_B=2973184
heap_tree=detailed
n0: 0 (heap allocation functions) malloc/new/new[], --alloc-fns, etc.
#-----------
snapshot=63
#-----------
time=106289601716
mem_heap_B=0
mem_heap_extra_B=0
mem_stacks_B=2623504
heap_tree=empty
#-----------
snapshot=64
#-----------
time=107415856985
mem_heap_B=0
mem_heap_extra_B=0
mem_stacks_B=190528
heap_tree=empty
#-----------
snapshot=65
#-----------
time=108343656292
mem_heap_B=0
mem_heap_extra_B=0
mem_stacks_B=3002944
heap_tree=detailed
n0: 0 (heap allocation functions) malloc/new/new[], --alloc-fns, etc.
#-----------
snapshot=66
#-----------
time=109469911548
mem_heap_B=0
mem_heap_extra_B=0
mem_stacks_B=301936
heap_tree=empty
#-----------
snapshot=67
#-----------
time=110596166807
mem_heap_B=0
mem_heap_extra_B=0
mem_stacks_B=296160
heap_tree=empty
#-----------
snapshot=68
#-----------
time=111622602976
mem_heap_B=0
mem_heap_extra_B=0
mem_stacks_B=3032992
heap_tree=detailed
n0: 0 (heap allocation functions) malloc/new/new[], --alloc-fns, etc.
#-----------
snapshot=69
#-----------
time=112748858241
mem_heap_B=0
mem_heap_extra_B=0
mem_stacks_B=2614576
heap_tree=empty
#-----------
snapshot=70
#-----------
time=113875113508
mem_heap_B=0
mem_heap_extra_B=0
mem_stacks_B=1276432
heap_tree=empty
#-----------
snapshot=71
#-----------
time=115001368769
mem_heap_B=0
mem_heap_extra_B=0
mem_stacks_B=2268352
heap_tree=empty
#-----------
snapshot=72
#-----------
time=115002147136
mem_heap_B=0
mem_heap_extra_B=0
mem_stacks_B=3063328
heap_tree=detailed
n0: 0 (heap allocation functions) malloc/new/new[], --alloc-fns, etc.
#-----------
snapshot=73
#-----------
time=116128402389
mem_heap_B=0
mem_heap_extra_B=0
mem_stacks_B=1847296
heap_tree=empty
#-----------
snapshot=74
#-----------
time=117254657640
mem_heap_B=0
mem_heap_extra_B=0
mem_stacks_B=1858752
heap_tree=empty
#-----------
snapshot=75
#-----------
time=118380912895
mem_heap_B=0
mem_heap_extra_B=0
mem_stacks_B=1452096
heap_tree=empty
#-----------
snapshot=76
#-----------
time=118489781659
mem_heap_B=0
mem_heap_extra_B=0
mem_stacks_B=3094000
heap_tree=detailed
n0: 0 (heap allocation functions) malloc/new/new[], --alloc-fns, etc.
#-----------
snapshot=77
#-----------
time=119616036928
mem_heap_B=0
mem_heap_extra_B=0
mem_stacks_B=928912
heap_tree=empty
#-----------
snapshot=78
#-----------
time=120742292178
mem_heap_B=0
mem_heap_extra_B=0
mem_stacks_B=2774896
heap_tree=empty
#-----------
snapshot=79
#-----------
time=121868547450
mem_heap_B=0
mem_heap_extra_B=0
mem_stacks_B=3108688
heap_tree=empty
#-----------
snapshot=80
#-----------
time=122082215584
mem_heap_B=0
mem_heap_extra_B=0
mem_stacks_B=3124960
heap_tree=peak
n0: 0 (heap allocation functions) malloc/new/new[], --alloc-fns, etc.
#-----------
snapshot=81
#-----------
time=123208470846
mem_heap_B=0
mem_heap_extra_B=0
mem_stacks_B=703120
heap_tree=empty
#-----------
snapshot=82
#-----------
time=124334726104
mem_heap_B=0
mem_heap_extra_B=0
mem_stacks_B=2805904
heap_tree=empty
