desc: --stacks=yes --massif-out-file=./noIO_programs/build/massif/quick_sort_literal.massif.out
cmd: ./noIO_programs/build/quick_sort
time_unit: i
#-----------
snapshot=0
#-----------
time=0
mem_heap_B=0
mem_heap_extra_B=0
mem_stacks_B=0
heap_tree=empty
#-----------
snapshot=1
#-----------
time=544
mem_heap_B=0
mem_heap_extra_B=0
mem_stacks_B=168
heap_tree=empty
#-----------
snapshot=2
#-----------
time=1169
mem_heap_B=0
mem_heap_extra_B=0
mem_stacks_B=168
heap_tree=empty
#-----------
snapshot=3
#-----------
time=1827
mem_heap_B=0
mem_heap_extra_B=0
mem_stacks_B=176
heap_tree=empty
#-----------
snapshot=4
#-----------
time=2274
mem_heap_B=0
mem_heap_extra_B=0
mem_stacks_B=176
heap_tree=detailed
n0: 0 (heap allocation functions) malloc/new/new[], --alloc-fns, etc.
#-----------
snapshot=5
#-----------
time=2892
mem_heap_B=0
mem_heap_extra_B=0
mem_stacks_B=176
heap_tree=empty
#-----------
snapshot=6
#-----------
time=3337
mem_heap_B=0
mem_heap_extra_B=0
mem_stacks_B=176
heap_tree=empty
#-----------
snapshot=7
#-----------
time=3964
mem_heap_B=0
mem_heap_extra_B=0
mem_stacks_B=176
heap_tree=empty
#-----------
snapshot=8
#-----------
time=4378
mem_heap_B=0
mem_heap_extra_B=0
mem_stacks_B=176
heap_tree=empty
#-----------
snapshot=9
#-----------
time=4849
mem_heap_B=0
mem_heap_extra_B=0
mem_stacks_B=240
heap_tree=detailed
n0: 0 (heap allocation functions) malloc/new/new[], --alloc-fns, etc.
#-----------
snapshot=10
#-----------
time=5368
mem_heap_B=0
mem_heap_extra_B=0
mem_stacks_B=232
heap_tree=detailed
n0: 0 (heap allocation functions) malloc/new/new[], --alloc-fns, etc.
#-----------
snapshot=11
#-----------
time=5684
mem_heap_B=0
mem_heap_extra_B=0
mem_stacks_B=232
heap_tree=empty
#-----------
snapshot=12
#-----------
time=6167
mem_heap_B=0
mem_heap_extra_B=0
mem_stacks_B=232
heap_tree=empty
#-----------
snapshot=13
#-----------
time=6614
mem_heap_B=0
mem_heap_extra_B=0
mem_stacks_B=232
heap_tree=empty
#-----------
snapshot=14
#-----------
time=7288
mem_heap_B=0
mem_heap_extra_B=0
mem_stacks_B=232
heap_tree=empty
#-----------
snapshot=15
#-----------
time=7643
mem_heap_B=0
mem_heap_extra_B=0
mem_stacks_B=296
heap_tree=detailed
n0: 0 (heap allocation functions) malloc/new/new[], --alloc-fns, etc.
#-----------
snapshot=16
#-----------
time=8097
mem_heap_B=0
mem_heap_extra_B=0
mem_stacks_B=288
heap_tree=empty
#-----------
snapshot=17
#-----------
time=8757
mem_heap_B=0
mem_heap_extra_B=0
mem_stacks_B=288
heap_tree=empty
#-----------
snapshot=18
#-----------
time=9146
mem_heap_B=0
mem_heap_extra_B=0
mem_stacks_B=288
heap_tree=empty
#-----------
snapshot=19
#-----------
time=9563
mem_heap_B=0
mem_heap_extra_B=0
mem_stacks_B=352
heap_tree=detailed
n0: 0 (heap allocation functions) malloc/new/new[], --alloc-fns, etc.
#-----------
snapshot=20
#-----------
time=10102
mem_heap_B=0
mem_heap_extra_B=0
mem_stacks_B=344
heap_tree=empty
#-----------
snapshot=21
#-----------
time=10616
mem_heap_B=0
mem_heap_extra_B=0
mem_stacks_B=344
heap_tree=empty
#-----------
snapshot=22
#-----------
time=10934
mem_heap_B=0
mem_heap_extra_B=0
mem_stacks_B=344
heap_tree=detailed
n0: 0 (heap allocation functions) malloc/new/new[], --alloc-fns, etc.
#-----------
snapshot=23
#-----------
time=11510
mem_heap_B=0
mem_heap_extra_B=0
mem_stacks_B=400
heap_tree=empty
#-----------
snapshot=24
#-----------
time=12152
mem_heap_B=0
mem_heap_extra_B=0
mem_stacks_B=424
heap_tree=empty
#-----------
snapshot=25
#-----------
time=12901
mem_heap_B=0
mem_heap_extra_B=0
mem_stacks_B=456
heap_tree=empty
#-----------
snapshot=26
#-----------
time=13412
mem_heap_B=0
mem_heap_extra_B=0
mem_stacks_B=512
heap_tree=empty
#-----------
snapshot=27
#-----------
time=14187
mem_heap_B=0
mem_heap_extra_B=0
mem_stacks_B=688
heap_tree=peak
n0: 0 (heap allocation functions) malloc/new/new[], --alloc-fns, etc.
#-----------
snapshot=28
#-----------
time=14831
mem_heap_B=0
mem_heap_extra_B=0
mem_stacks_B=400
heap_tree=empty
#-----------
snapshot=29
#-----------
time=15211
mem_heap_B=0
mem_heap_extra_B=0
mem_stacks_B=352
heap_tree=empty
#-----------
snapshot=30
#-----------
time=15625
mem_heap_B=0
mem_heap_extra_B=0
mem_stacks_B=408
heap_tree=empty
#-----------
snapshot=31
#-----------
time=15999
mem_heap_B=0
mem_heap_extra_B=0
mem_stacks_B=512
heap_tree=empty
#-----------
snapshot=32
#-----------
time=16410
mem_heap_B=0
mem_heap_extra_B=0
mem_stacks_B=568
heap_tree=empty
#-----------
snapshot=33
#-----------
time=16991
mem_heap_B=0
mem_heap_extra_B=0
mem_stacks_B=624
heap_tree=empty
#-----------
snapshot=34
#-----------
time=17387
mem_heap_B=0
mem_heap_extra_B=0
mem_stacks_B=240
heap_tree=empty
#-----------
snapshot=35
#-----------
time=17985
mem_heap_B=0
mem_heap_extra_B=0
mem_stacks_B=288
heap_tree=empty
#-----------
snapshot=36
#-----------
time=18368
mem_heap_B=0
mem_heap_extra_B=0
mem_stacks_B=288
heap_tree=empty
#-----------
snapshot=37
#-----------
time=18935
mem_heap_B=0
mem_heap_extra_B=0
mem_stacks_B=400
heap_tree=empty
#-----------
snapshot=38
#-----------
time=19354
mem_heap_B=0
mem_heap_extra_B=0
mem_stacks_B=368
heap_tree=empty
#-----------
snapshot=39
#-----------
time=19944
mem_heap_B=0
mem_heap_extra_B=0
mem_stacks_B=344
heap_tree=empty
#-----------
snapshot=40
#-----------
time=20325
mem_heap_B=0
mem_heap_extra_B=0
mem_stacks_B=344
heap_tree=empty
#-----------
snapshot=41
#-----------
time=20910
mem_heap_B=0
mem_heap_extra_B=0
mem_stacks_B=400
heap_tree=empty
#-----------
snapshot=42
#-----------
time=21528
mem_heap_B=0
mem_heap_extra_B=0
mem_stacks_B=456
heap_tree=empty
#-----------
snapshot=43
#-----------
time=21920
mem_heap_B=0
mem_heap_extra_B=0
mem_stacks_B=512
heap_tree=empty
#-----------
snapshot=44
#-----------
time=22540
mem_heap_B=0
mem_heap_extra_B=0
mem_stacks_B=624
heap_tree=empty
#-----------
snapshot=45
#-----------
time=22938
mem_heap_B=0
mem_heap_extra_B=0
mem_stacks_B=536
heap_tree=empty
#-----------
snapshot=46
#-----------
time=23514
mem_heap_B=0
mem_heap_extra_B=0
mem_stacks_B=512
heap_tree=empty
#-----------
snapshot=47
#-----------
time=23901
mem_heap_B=0
mem_heap_extra_B=0
mem_stacks_B=144
heap_tree=empty
#-----------
snapshot=48
#-----------
time=24298
mem_heap_B=0
mem_heap_extra_B=0
mem_stacks_B=232
heap_tree=empty
#-----------
snapshot=49
#-----------
time=24728
mem_heap_B=0
mem_heap_extra_B=0
mem_stacks_B=232
heap_tree=empty
#-----------
snapshot=50
#-----------
time=25086
mem_heap_B=0
mem_heap_extra_B=0
mem_stacks_B=232
heap_tree=empty
#-----------
snapshot=51
#-----------
time=25440
mem_heap_B=0
mem_heap_extra_B=0
mem_stacks_B=232
heap_tree=empty
#-----------
snapshot=52
#-----------
time=25771
mem_heap_B=0
mem_heap_extra_B=0
mem_stacks_B=288
heap_tree=empty
#-----------
snapshot=53
#-----------
time=26100
mem_heap_B=0
mem_heap_extra_B=0
mem_stacks_B=288
heap_tree=empty
#-----------
snapshot=54
#-----------
time=26460
mem_heap_B=0
mem_heap_extra_B=0
mem_stacks_B=344
heap_tree=detailed
n0: 0 (heap allocation functions) malloc/new/new[], --alloc-fns, etc.
#-----------
snapshot=55
#-----------
time=26782
mem_heap_B=0
mem_heap_extra_B=0
mem_stacks_B=312
heap_tree=empty
#-----------
snapshot=56
#-----------
time=27115
mem_heap_B=0
mem_heap_extra_B=0
mem_stacks_B=368
heap_tree=empty
#-----------
snapshot=57
#-----------
time=27437
mem_heap_B=0
mem_heap_extra_B=0
mem_stacks_B=400
heap_tree=empty
#-----------
snapshot=58
#-----------
time=27788
mem_heap_B=0
mem_heap_extra_B=0
mem_stacks_B=456
heap_tree=empty
#-----------
snapshot=59
#-----------
time=28119
mem_heap_B=0
mem_heap_extra_B=0
mem_stacks_B=568
heap_tree=empty
#-----------
snapshot=60
#-----------
time=28455
mem_heap_B=0
mem_heap_extra_B=0
mem_stacks_B=288
heap_tree=empty
#-----------
snapshot=61
#-----------
time=28811
mem_heap_B=0
mem_heap_extra_B=0
mem_stacks_B=288
heap_tree=empty
#-----------
snapshot=62
#-----------
time=29134
mem_heap_B=0
mem_heap_extra_B=0
mem_stacks_B=288
heap_tree=empty
#-----------
snapshot=63
#-----------
time=29488
mem_heap_B=0
mem_heap_extra_B=0
mem_stacks_B=344
heap_tree=empty
#-----------
snapshot=64
#-----------
time=29819
mem_heap_B=0
mem_heap_extra_B=0
mem_stacks_B=400
heap_tree=detailed
n0: 0 (heap allocation functions) malloc/new/new[], --alloc-fns, etc.
#-----------
snapshot=65
#-----------
time=30150
mem_heap_B=0
mem_heap_extra_B=0
mem_stacks_B=456
heap_tree=empty
#-----------
snapshot=66
#-----------
time=30480
mem_heap_B=0
mem_heap_extra_B=0
mem_stacks_B=424
heap_tree=empty
#-----------
snapshot=67
#-----------
time=30803
mem_heap_B=0
mem_heap_extra_B=0
mem_stacks_B=344
heap_tree=empty
#-----------
snapshot=68
#-----------
time=31122
mem_heap_B=0
mem_heap_extra_B=0
mem_stacks_B=344
heap_tree=empty
#-----------
snapshot=69
#-----------
time=31451
mem_heap_B=0
mem_heap_extra_B=0
mem_stacks_B=400
heap_tree=empty
#-----------
snapshot=70
#-----------
time=31778
mem_heap_B=0
mem_heap_extra_B=0
mem_stacks_B=400
heap_tree=empty
#-----------
snapshot=71
#-----------
time=32104
mem_heap_B=0
mem_heap_extra_B=0
mem_stacks_B=312
heap_tree=empty
#-----------
snapshot=72
#-----------
time=32430
mem_heap_B=0
mem_heap_extra_B=0
mem_stacks_B=456
heap_tree=empty
#-----------
snapshot=73
#-----------
time=32768
mem_heap_B=0
mem_heap_extra_B=0
mem_stacks_B=512
heap_tree=empty
#-----------
snapshot=74
#-----------
time=33097
mem_heap_B=0
mem_heap_extra_B=0
mem_stacks_B=568
heap_tree=detailed
n0: 0 (heap allocation functions) malloc/new/new[], --alloc-fns, etc.
#-----------
snapshot=75
#-----------
time=33430
mem_heap_B=0
mem_heap_extra_B=0
mem_stacks_B=520
heap_tree=empty
#-----------
snapshot=76
#-----------
time=33779
mem_heap_B=0
mem_heap_extra_B=0
mem_stacks_B=456
heap_tree=empty
#-----------
snapshot=77
#-----------
time=34139
mem_heap_B=0
mem_heap_extra_B=0
mem_stacks_B=568
heap_tree=empty
#-----------
snapshot=78
#-----------
time=34479
mem_heap_B=0
mem_heap_extra_B=0
mem_stacks_B=480
heap_tree=empty
