desc: --stacks=yes --massif-out-file=./noIO_programs/build/massif/binary_search_interleave.massif.out
cmd: ./noIO_programs/build/binary_search
time_unit: i
#-----------
snapshot=0
#-----------
time=0
mem_heap_B=0
mem_heap_extra_B=0
mem_stacks_B=0
heap_tree=empty
#-----------
snapshot=1
#-----------
time=36
mem_heap_B=0
mem_heap_extra_B=0
mem_stacks_B=120
heap_tree=peak
n0: 0 (heap allocation functions) malloc/new/new[], --alloc-fns, etc.
#-----------
snapshot=2
#-----------
time=90
mem_heap_B=0
mem_heap_extra_B=0
mem_stacks_B=104
heap_tree=empty
#-----------
snapshot=3
#-----------
time=135
mem_heap_B=0
mem_heap_extra_B=0
mem_stacks_B=104
heap_tree=empty
#-----------
snapshot=4
#-----------
time=180
mem_heap_B=0
mem_heap_extra_B=0
mem_stacks_B=104
heap_tree=empty
#-----------
snapshot=5
#-----------
time=234
mem_heap_B=0
mem_heap_extra_B=0
mem_stacks_B=104
heap_tree=empty
#-----------
snapshot=6
#-----------
time=308
mem_heap_B=0
mem_heap_extra_B=0
mem_stacks_B=112
heap_tree=empty
#-----------
snapshot=7
#-----------
time=360
mem_heap_B=0
mem_heap_extra_B=0
mem_stacks_B=104
heap_tree=empty
#-----------
snapshot=8
#-----------
time=405
mem_heap_B=0
mem_heap_extra_B=0
mem_stacks_B=104
heap_tree=empty
#-----------
snapshot=9
#-----------
time=459
mem_heap_B=0
mem_heap_extra_B=0
mem_stacks_B=104
heap_tree=empty
#-----------
snapshot=10
#-----------
time=513
mem_heap_B=0
mem_heap_extra_B=0
mem_stacks_B=104
heap_tree=empty
#-----------
snapshot=11
#-----------
time=567
mem_heap_B=0
mem_heap_extra_B=0
mem_stacks_B=104
heap_tree=empty
#-----------
snapshot=12
#-----------
time=621
mem_heap_B=0
mem_heap_extra_B=0
mem_stacks_B=104
heap_tree=empty
#-----------
snapshot=13
#-----------
time=666
mem_heap_B=0
mem_heap_extra_B=0
mem_stacks_B=104
heap_tree=empty
#-----------
snapshot=14
#-----------
time=695
mem_heap_B=0
mem_heap_extra_B=0
mem_stacks_B=112
heap_tree=detailed
n0: 0 (heap allocation functions) malloc/new/new[], --alloc-fns, etc.
#-----------
snapshot=15
#-----------
time=747
mem_heap_B=0
mem_heap_extra_B=0
mem_stacks_B=104
heap_tree=empty
#-----------
snapshot=16
#-----------
time=792
mem_heap_B=0
mem_heap_extra_B=0
mem_stacks_B=104
heap_tree=empty
#-----------
snapshot=17
#-----------
time=837
mem_heap_B=0
mem_heap_extra_B=0
mem_stacks_B=104
heap_tree=empty
#-----------
snapshot=18
#-----------
time=891
mem_heap_B=0
mem_heap_extra_B=0
mem_stacks_B=104
heap_tree=empty
#-----------
snapshot=19
#-----------
time=936
mem_heap_B=0
mem_heap_extra_B=0
mem_stacks_B=104
heap_tree=empty
#-----------
snapshot=20
#-----------
time=990
mem_heap_B=0
mem_heap_extra_B=0
mem_stacks_B=104
heap_tree=empty
#-----------
snapshot=21
#-----------
time=1035
mem_heap_B=0
mem_heap_extra_B=0
mem_stacks_B=104
heap_tree=empty
#-----------
snapshot=22
#-----------
time=1095
mem_heap_B=0
mem_heap_extra_B=0
mem_stacks_B=104
heap_tree=empty
#-----------
snapshot=23
#-----------
time=1145
mem_heap_B=0
mem_heap_extra_B=0
mem_stacks_B=112
heap_tree=detailed
n0: 0 (heap allocation functions) malloc/new/new[], --alloc-fns, etc.
#-----------
snapshot=24
#-----------
time=1199
mem_heap_B=0
mem_heap_extra_B=0
mem_stacks_B=112
heap_tree=empty
#-----------
snapshot=25
#-----------
time=1271
mem_heap_B=0
mem_heap_extra_B=0
mem_stacks_B=112
heap_tree=empty
#-----------
snapshot=26
#-----------
time=1325
mem_heap_B=0
mem_heap_extra_B=0
mem_stacks_B=112
heap_tree=empty
#-----------
snapshot=27
#-----------
time=1379
mem_heap_B=0
mem_heap_extra_B=0
mem_stacks_B=112
heap_tree=empty
#-----------
snapshot=28
#-----------
time=1415
mem_heap_B=0
mem_heap_extra_B=0
mem_stacks_B=112
heap_tree=empty
#-----------
snapshot=29
#-----------
time=1467
mem_heap_B=0
mem_heap_extra_B=0
mem_stacks_B=112
heap_tree=empty
#-----------
snapshot=30
#-----------
time=1514
mem_heap_B=0
mem_heap_extra_B=0
mem_stacks_B=112
heap_tree=empty
#-----------
snapshot=31
#-----------
time=1550
mem_heap_B=0
mem_heap_extra_B=0
mem_stacks_B=112
heap_tree=empty
#-----------
snapshot=32
#-----------
time=1595
mem_heap_B=0
mem_heap_extra_B=0
mem_stacks_B=112
heap_tree=empty
#-----------
snapshot=33
#-----------
time=1640
mem_heap_B=0
mem_heap_extra_B=0
mem_stacks_B=112
heap_tree=empty
#-----------
snapshot=34
#-----------
time=1694
mem_heap_B=0
mem_heap_extra_B=0
mem_stacks_B=112
heap_tree=empty
#-----------
snapshot=35
#-----------
time=1739
mem_heap_B=0
mem_heap_extra_B=0
mem_stacks_B=112
heap_tree=empty
#-----------
snapshot=36
#-----------
time=1784
mem_heap_B=0
mem_heap_extra_B=0
mem_stacks_B=112
heap_tree=empty
#-----------
snapshot=37
#-----------
time=1836
mem_heap_B=0
mem_heap_extra_B=0
mem_stacks_B=112
heap_tree=empty
#-----------
snapshot=38
#-----------
time=1881
mem_heap_B=0
mem_heap_extra_B=0
mem_stacks_B=112
heap_tree=detailed
n0: 0 (heap allocation functions) malloc/new/new[], --alloc-fns, etc.
#-----------
snapshot=39
#-----------
time=1926
mem_heap_B=0
mem_heap_extra_B=0
mem_stacks_B=112
heap_tree=empty
#-----------
snapshot=40
#-----------
time=1971
mem_heap_B=0
mem_heap_extra_B=0
mem_stacks_B=112
heap_tree=empty
#-----------
snapshot=41
#-----------
time=2018
mem_heap_B=0
mem_heap_extra_B=0
mem_stacks_B=112
heap_tree=empty
#-----------
snapshot=42
#-----------
time=2054
mem_heap_B=0
mem_heap_extra_B=0
mem_stacks_B=112
heap_tree=empty
#-----------
snapshot=43
#-----------
time=2099
mem_heap_B=0
mem_heap_extra_B=0
mem_stacks_B=112
heap_tree=empty
#-----------
snapshot=44
#-----------
time=2151
mem_heap_B=0
mem_heap_extra_B=0
mem_stacks_B=112
heap_tree=empty
#-----------
snapshot=45
#-----------
time=2196
mem_heap_B=0
mem_heap_extra_B=0
mem_stacks_B=112
heap_tree=empty
#-----------
snapshot=46
#-----------
time=2243
mem_heap_B=0
mem_heap_extra_B=0
mem_stacks_B=112
heap_tree=empty
#-----------
snapshot=47
#-----------
time=2279
mem_heap_B=0
mem_heap_extra_B=0
mem_stacks_B=112
heap_tree=empty
#-----------
snapshot=48
#-----------
time=2324
mem_heap_B=0
mem_heap_extra_B=0
mem_stacks_B=112
heap_tree=empty
#-----------
snapshot=49
#-----------
time=2376
mem_heap_B=0
mem_heap_extra_B=0
mem_stacks_B=112
heap_tree=empty
#-----------
snapshot=50
#-----------
time=2405
mem_heap_B=0
mem_heap_extra_B=0
mem_stacks_B=112
heap_tree=empty
#-----------
snapshot=51
#-----------
time=2450
mem_heap_B=0
mem_heap_extra_B=0
mem_stacks_B=112
heap_tree=empty
#-----------
snapshot=52
#-----------
time=2495
mem_heap_B=0
mem_heap_extra_B=0
mem_stacks_B=112
heap_tree=empty
#-----------
snapshot=53
#-----------
time=2540
mem_heap_B=0
mem_heap_extra_B=0
mem_stacks_B=112
heap_tree=empty
#-----------
snapshot=54
#-----------
time=2585
mem_heap_B=0
mem_heap_extra_B=0
mem_stacks_B=112
heap_tree=empty
#-----------
snapshot=55
#-----------
time=2630
mem_heap_B=0
mem_heap_extra_B=0
mem_stacks_B=112
heap_tree=empty
#-----------
snapshot=56
#-----------
time=2675
mem_heap_B=0
mem_heap_extra_B=0
mem_stacks_B=112
heap_tree=empty
#-----------
snapshot=57
#-----------
time=2706
mem_heap_B=0
mem_heap_extra_B=0
mem_stacks_B=48
heap_tree=detailed
n0: 0 (heap allocation functions) malloc/new/new[], --alloc-fns, etc.
#-----------
snapshot=58
#-----------
time=2756
mem_heap_B=0
mem_heap_extra_B=0
mem_stacks_B=112
heap_tree=empty
#-----------
snapshot=59
#-----------
time=2810
mem_heap_B=0
mem_heap_extra_B=0
mem_stacks_B=112
heap_tree=empty
#-----------
snapshot=60
#-----------
time=2855
mem_heap_B=0
mem_heap_extra_B=0
mem_stacks_B=112
heap_tree=empty
#-----------
snapshot=61
#-----------
time=2909
mem_heap_B=0
mem_heap_extra_B=0
mem_stacks_B=112
heap_tree=empty
#-----------
snapshot=62
#-----------
time=2963
mem_heap_B=0
mem_heap_extra_B=0
mem_stacks_B=112
heap_tree=empty
#-----------
snapshot=63
#-----------
time=3008
mem_heap_B=0
mem_heap_extra_B=0
mem_stacks_B=112
heap_tree=empty
#-----------
snapshot=64
#-----------
time=3039
mem_heap_B=0
mem_heap_extra_B=0
mem_stacks_B=48
heap_tree=empty
#-----------
snapshot=65
#-----------
time=3076
mem_heap_B=0
mem_heap_extra_B=0
mem_stacks_B=112
heap_tree=empty
#-----------
snapshot=66
#-----------
time=3105
mem_heap_B=0
mem_heap_extra_B=0
mem_stacks_B=112
heap_tree=empty
#-----------
snapshot=67
#-----------
time=3150
mem_heap_B=0
mem_heap_extra_B=0
mem_stacks_B=112
heap_tree=detailed
n0: 0 (heap allocation functions) malloc/new/new[], --alloc-fns, etc.
#-----------
snapshot=68
#-----------
time=3195
mem_heap_B=0
mem_heap_extra_B=0
mem_stacks_B=112
heap_tree=empty
#-----------
snapshot=69
#-----------
time=3240
mem_heap_B=0
mem_heap_extra_B=0
mem_stacks_B=112
heap_tree=empty
#-----------
snapshot=70
#-----------
time=3285
mem_heap_B=0
mem_heap_extra_B=0
mem_stacks_B=112
heap_tree=empty
#-----------
snapshot=71
#-----------
time=3330
mem_heap_B=0
mem_heap_extra_B=0
mem_stacks_B=112
heap_tree=empty
#-----------
snapshot=72
#-----------
time=3384
mem_heap_B=0
mem_heap_extra_B=0
mem_stacks_B=112
heap_tree=empty
