desc: --stacks=yes --massif-out-file=./noIO_programs/build/massif/exp_signedness.massif.out
cmd: ./noIO_programs/build/exp
time_unit: i
#-----------
snapshot=0
#-----------
time=0
mem_heap_B=0
mem_heap_extra_B=0
mem_stacks_B=0
heap_tree=empty
#-----------
snapshot=1
#-----------
time=49
mem_heap_B=0
mem_heap_extra_B=0
mem_stacks_B=128
heap_tree=peak
n0: 0 (heap allocation functions) malloc/new/new[], --alloc-fns, etc.
#-----------
snapshot=2
#-----------
time=433
mem_heap_B=0
mem_heap_extra_B=0
mem_stacks_B=112
heap_tree=empty
#-----------
snapshot=3
#-----------
time=1015
mem_heap_B=0
mem_heap_extra_B=0
mem_stacks_B=112
heap_tree=empty
#-----------
snapshot=4
#-----------
time=1399
mem_heap_B=0
mem_heap_extra_B=0
mem_stacks_B=112
heap_tree=empty
#-----------
snapshot=5
#-----------
time=1981
mem_heap_B=0
mem_heap_extra_B=0
mem_stacks_B=112
heap_tree=empty
#-----------
snapshot=6
#-----------
time=2365
mem_heap_B=0
mem_heap_extra_B=0
mem_stacks_B=128
heap_tree=empty
#-----------
snapshot=7
#-----------
time=2947
mem_heap_B=0
mem_heap_extra_B=0
mem_stacks_B=120
heap_tree=empty
#-----------
snapshot=8
#-----------
time=3331
mem_heap_B=0
mem_heap_extra_B=0
mem_stacks_B=120
heap_tree=empty
#-----------
snapshot=9
#-----------
time=3913
mem_heap_B=0
mem_heap_extra_B=0
mem_stacks_B=120
heap_tree=empty
#-----------
snapshot=10
#-----------
time=4297
mem_heap_B=0
mem_heap_extra_B=0
mem_stacks_B=120
heap_tree=empty
#-----------
snapshot=11
#-----------
time=4879
mem_heap_B=0
mem_heap_extra_B=0
mem_stacks_B=120
heap_tree=empty
#-----------
snapshot=12
#-----------
time=5263
mem_heap_B=0
mem_heap_extra_B=0
mem_stacks_B=120
heap_tree=empty
#-----------
snapshot=13
#-----------
time=5845
mem_heap_B=0
mem_heap_extra_B=0
mem_stacks_B=120
heap_tree=empty
#-----------
snapshot=14
#-----------
time=6229
mem_heap_B=0
mem_heap_extra_B=0
mem_stacks_B=120
heap_tree=empty
#-----------
snapshot=15
#-----------
time=6811
mem_heap_B=0
mem_heap_extra_B=0
mem_stacks_B=120
heap_tree=empty
#-----------
snapshot=16
#-----------
time=7195
mem_heap_B=0
mem_heap_extra_B=0
mem_stacks_B=120
heap_tree=empty
#-----------
snapshot=17
#-----------
time=7777
mem_heap_B=0
mem_heap_extra_B=0
mem_stacks_B=120
heap_tree=empty
#-----------
snapshot=18
#-----------
time=8161
mem_heap_B=0
mem_heap_extra_B=0
mem_stacks_B=120
heap_tree=empty
#-----------
snapshot=19
#-----------
time=8743
mem_heap_B=0
mem_heap_extra_B=0
mem_stacks_B=120
heap_tree=empty
#-----------
snapshot=20
#-----------
time=9127
mem_heap_B=0
mem_heap_extra_B=0
mem_stacks_B=120
heap_tree=empty
#-----------
snapshot=21
#-----------
time=9607
mem_heap_B=0
mem_heap_extra_B=0
mem_stacks_B=120
heap_tree=empty
#-----------
snapshot=22
#-----------
time=10189
mem_heap_B=0
mem_heap_extra_B=0
mem_stacks_B=120
heap_tree=empty
#-----------
snapshot=23
#-----------
time=10771
mem_heap_B=0
mem_heap_extra_B=0
mem_stacks_B=120
heap_tree=empty
#-----------
snapshot=24
#-----------
time=11155
mem_heap_B=0
mem_heap_extra_B=0
mem_stacks_B=120
heap_tree=detailed
n0: 0 (heap allocation functions) malloc/new/new[], --alloc-fns, etc.
#-----------
snapshot=25
#-----------
time=11539
mem_heap_B=0
mem_heap_extra_B=0
mem_stacks_B=120
heap_tree=empty
#-----------
snapshot=26
#-----------
time=11737
mem_heap_B=0
mem_heap_extra_B=0
mem_stacks_B=120
heap_tree=empty
#-----------
snapshot=27
#-----------
time=12121
mem_heap_B=0
mem_heap_extra_B=0
mem_stacks_B=120
heap_tree=empty
#-----------
snapshot=28
#-----------
time=12505
mem_heap_B=0
mem_heap_extra_B=0
mem_stacks_B=120
heap_tree=empty
#-----------
snapshot=29
#-----------
time=12703
mem_heap_B=0
mem_heap_extra_B=0
mem_stacks_B=120
heap_tree=empty
#-----------
snapshot=30
#-----------
time=13087
mem_heap_B=0
mem_heap_extra_B=0
mem_stacks_B=120
heap_tree=detailed
n0: 0 (heap allocation functions) malloc/new/new[], --alloc-fns, etc.
#-----------
snapshot=31
#-----------
time=13471
mem_heap_B=0
mem_heap_extra_B=0
mem_stacks_B=120
heap_tree=empty
#-----------
snapshot=32
#-----------
time=13669
mem_heap_B=0
mem_heap_extra_B=0
mem_stacks_B=120
heap_tree=empty
#-----------
snapshot=33
#-----------
time=14053
mem_heap_B=0
mem_heap_extra_B=0
mem_stacks_B=120
heap_tree=empty
#-----------
snapshot=34
#-----------
time=14437
mem_heap_B=0
mem_heap_extra_B=0
mem_stacks_B=120
heap_tree=empty
#-----------
snapshot=35
#-----------
time=14635
mem_heap_B=0
mem_heap_extra_B=0
mem_stacks_B=120
heap_tree=empty
#-----------
snapshot=36
#-----------
time=15019
mem_heap_B=0
mem_heap_extra_B=0
mem_stacks_B=120
heap_tree=detailed
n0: 0 (heap allocation functions) malloc/new/new[], --alloc-fns, etc.
#-----------
snapshot=37
#-----------
time=15403
mem_heap_B=0
mem_heap_extra_B=0
mem_stacks_B=120
heap_tree=empty
#-----------
snapshot=38
#-----------
time=15601
mem_heap_B=0
mem_heap_extra_B=0
mem_stacks_B=120
heap_tree=empty
#-----------
snapshot=39
#-----------
time=15985
mem_heap_B=0
mem_heap_extra_B=0
mem_stacks_B=120
heap_tree=empty
#-----------
snapshot=40
#-----------
time=16369
mem_heap_B=0
mem_heap_extra_B=0
mem_stacks_B=120
heap_tree=empty
#-----------
snapshot=41
#-----------
time=16567
mem_heap_B=0
mem_heap_extra_B=0
mem_stacks_B=120
heap_tree=empty
#-----------
snapshot=42
#-----------
time=16951
mem_heap_B=0
mem_heap_extra_B=0
mem_stacks_B=120
heap_tree=detailed
n0: 0 (heap allocation functions) malloc/new/new[], --alloc-fns, etc.
#-----------
snapshot=43
#-----------
time=17335
mem_heap_B=0
mem_heap_extra_B=0
mem_stacks_B=120
heap_tree=empty
#-----------
snapshot=44
#-----------
time=17533
mem_heap_B=0
mem_heap_extra_B=0
mem_stacks_B=120
heap_tree=empty
#-----------
snapshot=45
#-----------
time=17917
mem_heap_B=0
mem_heap_extra_B=0
mem_stacks_B=120
heap_tree=empty
#-----------
snapshot=46
#-----------
time=18301
mem_heap_B=0
mem_heap_extra_B=0
mem_stacks_B=120
heap_tree=empty
#-----------
snapshot=47
#-----------
time=18499
mem_heap_B=0
mem_heap_extra_B=0
mem_stacks_B=120
heap_tree=empty
#-----------
snapshot=48
#-----------
time=18883
mem_heap_B=0
mem_heap_extra_B=0
mem_stacks_B=120
heap_tree=detailed
n0: 0 (heap allocation functions) malloc/new/new[], --alloc-fns, etc.
#-----------
snapshot=49
#-----------
time=19267
mem_heap_B=0
mem_heap_extra_B=0
mem_stacks_B=120
heap_tree=empty
