desc: --stacks=yes --massif-out-file=./noIO_C/build//ackermann.massif.out
cmd: ./noIO_C/build//ackermann
time_unit: i
#-----------
snapshot=0
#-----------
time=0
mem_heap_B=0
mem_heap_extra_B=0
mem_stacks_B=0
heap_tree=empty
#-----------
snapshot=1
#-----------
time=1244005196
mem_heap_B=0
mem_heap_extra_B=0
mem_stacks_B=324544
heap_tree=empty
#-----------
snapshot=2
#-----------
time=2096606189
mem_heap_B=0
mem_heap_extra_B=0
mem_stacks_B=316928
heap_tree=empty
#-----------
snapshot=3
#-----------
time=2727367198
mem_heap_B=0
mem_heap_extra_B=0
mem_stacks_B=146272
heap_tree=empty
#-----------
snapshot=4
#-----------
time=3847168435
mem_heap_B=0
mem_heap_extra_B=0
mem_stacks_B=510136
heap_tree=empty
#-----------
snapshot=5
#-----------
time=4740170541
mem_heap_B=0
mem_heap_extra_B=0
mem_stacks_B=370680
heap_tree=empty
#-----------
snapshot=6
#-----------
time=5883134426
mem_heap_B=0
mem_heap_extra_B=0
mem_stacks_B=775376
heap_tree=detailed
n0: 0 (heap allocation functions) malloc/new/new[], --alloc-fns, etc.
#-----------
snapshot=7
#-----------
time=7351962031
mem_heap_B=0
mem_heap_extra_B=0
mem_stacks_B=257464
heap_tree=empty
#-----------
snapshot=8
#-----------
time=8615148656
mem_heap_B=0
mem_heap_extra_B=0
mem_stacks_B=891536
heap_tree=detailed
n0: 0 (heap allocation functions) malloc/new/new[], --alloc-fns, etc.
#-----------
snapshot=9
#-----------
time=9562577925
mem_heap_B=0
mem_heap_extra_B=0
mem_stacks_B=295800
heap_tree=empty
#-----------
snapshot=10
#-----------
time=11012465031
mem_heap_B=0
mem_heap_extra_B=0
mem_stacks_B=184824
heap_tree=empty
#-----------
snapshot=11
#-----------
time=12028309009
mem_heap_B=0
mem_heap_extra_B=0
mem_stacks_B=242776
heap_tree=empty
#-----------
snapshot=12
#-----------
time=13002685710
mem_heap_B=0
mem_heap_extra_B=0
mem_stacks_B=880096
heap_tree=empty
#-----------
snapshot=13
#-----------
time=14156005718
mem_heap_B=0
mem_heap_extra_B=0
mem_stacks_B=1121168
heap_tree=detailed
n0: 0 (heap allocation functions) malloc/new/new[], --alloc-fns, etc.
#-----------
snapshot=14
#-----------
time=15512623524
mem_heap_B=0
mem_heap_extra_B=0
mem_stacks_B=1251024
heap_tree=detailed
n0: 0 (heap allocation functions) malloc/new/new[], --alloc-fns, etc.
#-----------
snapshot=15
#-----------
time=16349525985
mem_heap_B=0
mem_heap_extra_B=0
mem_stacks_B=1166264
heap_tree=empty
#-----------
snapshot=16
#-----------
time=17411680330
mem_heap_B=0
mem_heap_extra_B=0
mem_stacks_B=984736
heap_tree=empty
#-----------
snapshot=17
#-----------
time=18739336597
mem_heap_B=0
mem_heap_extra_B=0
mem_stacks_B=1150656
heap_tree=empty
#-----------
snapshot=18
#-----------
time=19727880844
mem_heap_B=0
mem_heap_extra_B=0
mem_stacks_B=1438192
heap_tree=detailed
n0: 0 (heap allocation functions) malloc/new/new[], --alloc-fns, etc.
#-----------
snapshot=19
#-----------
time=20617459332
mem_heap_B=0
mem_heap_extra_B=0
mem_stacks_B=1467120
heap_tree=detailed
n0: 0 (heap allocation functions) malloc/new/new[], --alloc-fns, etc.
#-----------
snapshot=20
#-----------
time=21789944645
mem_heap_B=0
mem_heap_extra_B=0
mem_stacks_B=864184
heap_tree=empty
#-----------
snapshot=21
#-----------
time=23218580554
mem_heap_B=0
mem_heap_extra_B=0
mem_stacks_B=1542064
heap_tree=detailed
n0: 0 (heap allocation functions) malloc/new/new[], --alloc-fns, etc.
#-----------
snapshot=22
#-----------
time=24362261493
mem_heap_B=0
mem_heap_extra_B=0
mem_stacks_B=1136216
heap_tree=empty
#-----------
snapshot=23
#-----------
time=25613184633
mem_heap_B=0
mem_heap_extra_B=0
mem_stacks_B=1138232
heap_tree=empty
#-----------
snapshot=24
#-----------
time=26276838669
mem_heap_B=0
mem_heap_extra_B=0
mem_stacks_B=1290432
heap_tree=empty
#-----------
snapshot=25
#-----------
time=27405805931
mem_heap_B=0
mem_heap_extra_B=0
mem_stacks_B=813560
heap_tree=empty
#-----------
snapshot=26
#-----------
time=28149932909
mem_heap_B=0
mem_heap_extra_B=0
mem_stacks_B=509408
heap_tree=empty
#-----------
snapshot=27
#-----------
time=28922074479
mem_heap_B=0
mem_heap_extra_B=0
mem_stacks_B=477720
heap_tree=empty
#-----------
snapshot=28
#-----------
time=30000468752
mem_heap_B=0
mem_heap_extra_B=0
mem_stacks_B=1503616
heap_tree=empty
#-----------
snapshot=29
#-----------
time=31138305794
mem_heap_B=0
mem_heap_extra_B=0
mem_stacks_B=1720592
heap_tree=detailed
n0: 0 (heap allocation functions) malloc/new/new[], --alloc-fns, etc.
#-----------
snapshot=30
#-----------
time=32585642404
mem_heap_B=0
mem_heap_extra_B=0
mem_stacks_B=1254240
heap_tree=empty
#-----------
snapshot=31
#-----------
time=33510617015
mem_heap_B=0
mem_heap_extra_B=0
mem_stacks_B=1184896
heap_tree=empty
#-----------
snapshot=32
#-----------
time=34313841073
mem_heap_B=0
mem_heap_extra_B=0
mem_stacks_B=446744
heap_tree=empty
#-----------
snapshot=33
#-----------
time=35303265690
mem_heap_B=0
mem_heap_extra_B=0
mem_stacks_B=1440928
heap_tree=empty
#-----------
snapshot=34
#-----------
time=36729347901
mem_heap_B=0
mem_heap_extra_B=0
mem_stacks_B=1777848
heap_tree=empty
#-----------
snapshot=35
#-----------
time=38081414192
mem_heap_B=0
mem_heap_extra_B=0
mem_stacks_B=1844816
heap_tree=detailed
n0: 0 (heap allocation functions) malloc/new/new[], --alloc-fns, etc.
#-----------
snapshot=36
#-----------
time=38884638271
mem_heap_B=0
mem_heap_extra_B=0
mem_stacks_B=652728
heap_tree=empty
#-----------
snapshot=37
#-----------
time=40016966137
mem_heap_B=0
mem_heap_extra_B=0
mem_stacks_B=366456
heap_tree=empty
#-----------
snapshot=38
#-----------
time=40785831541
mem_heap_B=0
mem_heap_extra_B=0
mem_stacks_B=1726176
heap_tree=empty
#-----------
snapshot=39
#-----------
time=41593665044
mem_heap_B=0
mem_heap_extra_B=0
mem_stacks_B=1900784
heap_tree=detailed
n0: 0 (heap allocation functions) malloc/new/new[], --alloc-fns, etc.
#-----------
snapshot=40
#-----------
time=42396889116
mem_heap_B=0
mem_heap_extra_B=0
mem_stacks_B=1682304
heap_tree=empty
#-----------
snapshot=41
#-----------
time=43242394939
mem_heap_B=0
mem_heap_extra_B=0
mem_stacks_B=201976
heap_tree=empty
#-----------
snapshot=42
#-----------
time=44045619015
mem_heap_B=0
mem_heap_extra_B=0
mem_stacks_B=1165976
heap_tree=empty
#-----------
snapshot=43
#-----------
time=44931661559
mem_heap_B=0
mem_heap_extra_B=0
mem_stacks_B=1186040
heap_tree=empty
#-----------
snapshot=44
#-----------
time=46260695308
mem_heap_B=0
mem_heap_extra_B=0
mem_stacks_B=1761976
heap_tree=empty
#-----------
snapshot=45
#-----------
time=47631959039
mem_heap_B=0
mem_heap_extra_B=0
mem_stacks_B=207192
heap_tree=empty
#-----------
snapshot=46
#-----------
time=48245400652
mem_heap_B=0
mem_heap_extra_B=0
mem_stacks_B=1997776
heap_tree=detailed
n0: 0 (heap allocation functions) malloc/new/new[], --alloc-fns, etc.
#-----------
snapshot=47
#-----------
time=49450236767
mem_heap_B=0
mem_heap_extra_B=0
mem_stacks_B=400256
heap_tree=empty
#-----------
snapshot=48
#-----------
time=50509344713
mem_heap_B=0
mem_heap_extra_B=0
mem_stacks_B=1156320
heap_tree=empty
#-----------
snapshot=49
#-----------
time=51211772468
mem_heap_B=0
mem_heap_extra_B=0
mem_stacks_B=2037968
heap_tree=detailed
n0: 0 (heap allocation functions) malloc/new/new[], --alloc-fns, etc.
#-----------
snapshot=50
#-----------
time=51825214084
mem_heap_B=0
mem_heap_extra_B=0
mem_stacks_B=481408
heap_tree=empty
#-----------
snapshot=51
#-----------
time=52438655703
mem_heap_B=0
mem_heap_extra_B=0
mem_stacks_B=1184856
heap_tree=empty
#-----------
snapshot=52
#-----------
time=52763242024
mem_heap_B=0
mem_heap_extra_B=0
mem_stacks_B=2058352
heap_tree=detailed
n0: 0 (heap allocation functions) malloc/new/new[], --alloc-fns, etc.
#-----------
snapshot=53
#-----------
time=53376683639
mem_heap_B=0
mem_heap_extra_B=0
mem_stacks_B=761760
heap_tree=empty
#-----------
snapshot=54
#-----------
time=53990125269
mem_heap_B=0
mem_heap_extra_B=0
mem_stacks_B=1032280
heap_tree=empty
#-----------
snapshot=55
#-----------
time=54363934292
mem_heap_B=0
mem_heap_extra_B=0
mem_stacks_B=2078960
heap_tree=peak
n0: 0 (heap allocation functions) malloc/new/new[], --alloc-fns, etc.
#-----------
snapshot=56
#-----------
time=54977375905
mem_heap_B=0
mem_heap_extra_B=0
mem_stacks_B=490360
heap_tree=empty
#-----------
snapshot=57
#-----------
time=55590817528
mem_heap_B=0
mem_heap_extra_B=0
mem_stacks_B=2036704
heap_tree=empty
