desc: --stacks=yes --massif-out-file=./noIO_C/build//binary_search.massif.out
cmd: ./noIO_C/build//binary_search
time_unit: i
#-----------
snapshot=0
#-----------
time=0
mem_heap_B=0
mem_heap_extra_B=0
mem_stacks_B=0
heap_tree=empty
#-----------
snapshot=1
#-----------
time=1251
mem_heap_B=0
mem_heap_extra_B=0
mem_stacks_B=368
heap_tree=empty
#-----------
snapshot=2
#-----------
time=62895
mem_heap_B=0
mem_heap_extra_B=0
mem_stacks_B=312
heap_tree=empty
#-----------
snapshot=3
#-----------
time=64971
mem_heap_B=0
mem_heap_extra_B=0
mem_stacks_B=656
heap_tree=empty
#-----------
snapshot=4
#-----------
time=66859
mem_heap_B=0
mem_heap_extra_B=0
mem_stacks_B=656
heap_tree=empty
#-----------
snapshot=5
#-----------
time=67896
mem_heap_B=0
mem_heap_extra_B=0
mem_stacks_B=656
heap_tree=empty
#-----------
snapshot=6
#-----------
time=69916
mem_heap_B=0
mem_heap_extra_B=0
mem_stacks_B=512
heap_tree=empty
#-----------
snapshot=7
#-----------
time=71320
mem_heap_B=0
mem_heap_extra_B=0
mem_stacks_B=960
heap_tree=empty
#-----------
snapshot=8
#-----------
time=73019
mem_heap_B=0
mem_heap_extra_B=0
mem_stacks_B=1320
heap_tree=empty
#-----------
snapshot=9
#-----------
time=74235
mem_heap_B=0
mem_heap_extra_B=0
mem_stacks_B=1104
heap_tree=empty
#-----------
snapshot=10
#-----------
time=76120
mem_heap_B=0
mem_heap_extra_B=0
mem_stacks_B=6736
heap_tree=detailed
n0: 0 (heap allocation functions) malloc/new/new[], --alloc-fns, etc.
#-----------
snapshot=11
#-----------
time=77343
mem_heap_B=0
mem_heap_extra_B=0
mem_stacks_B=7680
heap_tree=peak
n0: 0 (heap allocation functions) malloc/new/new[], --alloc-fns, etc.
#-----------
snapshot=12
#-----------
time=78522
mem_heap_B=0
mem_heap_extra_B=0
mem_stacks_B=5232
heap_tree=empty
#-----------
snapshot=13
#-----------
time=80060
mem_heap_B=0
mem_heap_extra_B=0
mem_stacks_B=7648
heap_tree=empty
#-----------
snapshot=14
#-----------
time=81130
mem_heap_B=0
mem_heap_extra_B=0
mem_stacks_B=7032
heap_tree=empty
#-----------
snapshot=15
#-----------
time=82618
mem_heap_B=0
mem_heap_extra_B=0
mem_stacks_B=4208
heap_tree=empty
#-----------
snapshot=16
#-----------
time=84537
mem_heap_B=0
mem_heap_extra_B=0
mem_stacks_B=4016
heap_tree=empty
#-----------
snapshot=17
#-----------
time=85998
mem_heap_B=0
mem_heap_extra_B=0
mem_stacks_B=5736
heap_tree=detailed
n0: 0 (heap allocation functions) malloc/new/new[], --alloc-fns, etc.
#-----------
snapshot=18
#-----------
time=87015
mem_heap_B=0
mem_heap_extra_B=0
mem_stacks_B=4952
heap_tree=empty
#-----------
snapshot=19
#-----------
time=88512
mem_heap_B=0
mem_heap_extra_B=0
mem_stacks_B=3824
heap_tree=empty
#-----------
snapshot=20
#-----------
time=89994
mem_heap_B=0
mem_heap_extra_B=0
mem_stacks_B=1352
heap_tree=empty
#-----------
snapshot=21
#-----------
time=90898
mem_heap_B=0
mem_heap_extra_B=0
mem_stacks_B=1360
heap_tree=empty
#-----------
snapshot=22
#-----------
time=92882
mem_heap_B=0
mem_heap_extra_B=0
mem_stacks_B=1336
heap_tree=empty
#-----------
snapshot=23
#-----------
time=94110
mem_heap_B=0
mem_heap_extra_B=0
mem_stacks_B=1080
heap_tree=detailed
n0: 0 (heap allocation functions) malloc/new/new[], --alloc-fns, etc.
#-----------
snapshot=24
#-----------
time=104483
mem_heap_B=0
mem_heap_extra_B=0
mem_stacks_B=1304
heap_tree=empty
#-----------
snapshot=25
#-----------
time=106124
mem_heap_B=0
mem_heap_extra_B=0
mem_stacks_B=1304
heap_tree=empty
#-----------
snapshot=26
#-----------
time=107752
mem_heap_B=0
mem_heap_extra_B=0
mem_stacks_B=1584
heap_tree=empty
#-----------
snapshot=27
#-----------
time=109323
mem_heap_B=0
mem_heap_extra_B=0
mem_stacks_B=1872
heap_tree=empty
#-----------
snapshot=28
#-----------
time=111416
mem_heap_B=0
mem_heap_extra_B=0
mem_stacks_B=1624
heap_tree=empty
#-----------
snapshot=29
#-----------
time=112700
mem_heap_B=0
mem_heap_extra_B=0
mem_stacks_B=1624
heap_tree=empty
#-----------
snapshot=30
#-----------
time=114008
mem_heap_B=0
mem_heap_extra_B=0
mem_stacks_B=1624
heap_tree=empty
#-----------
snapshot=31
#-----------
time=115269
mem_heap_B=0
mem_heap_extra_B=0
mem_stacks_B=1864
heap_tree=empty
#-----------
snapshot=32
#-----------
time=116647
mem_heap_B=0
mem_heap_extra_B=0
mem_stacks_B=1624
heap_tree=empty
#-----------
snapshot=33
#-----------
time=118058
mem_heap_B=0
mem_heap_extra_B=0
mem_stacks_B=1872
heap_tree=empty
#-----------
snapshot=34
#-----------
time=120164
mem_heap_B=0
mem_heap_extra_B=0
mem_stacks_B=1768
heap_tree=empty
#-----------
snapshot=35
#-----------
time=121488
mem_heap_B=0
mem_heap_extra_B=0
mem_stacks_B=1768
heap_tree=empty
#-----------
snapshot=36
#-----------
time=122923
mem_heap_B=0
mem_heap_extra_B=0
mem_stacks_B=1768
heap_tree=empty
#-----------
snapshot=37
#-----------
time=123903
mem_heap_B=0
mem_heap_extra_B=0
mem_stacks_B=1520
heap_tree=empty
#-----------
snapshot=38
#-----------
time=125421
mem_heap_B=0
mem_heap_extra_B=0
mem_stacks_B=1520
heap_tree=empty
#-----------
snapshot=39
#-----------
time=126817
mem_heap_B=0
mem_heap_extra_B=0
mem_stacks_B=1520
heap_tree=detailed
n0: 0 (heap allocation functions) malloc/new/new[], --alloc-fns, etc.
#-----------
snapshot=40
#-----------
time=128137
mem_heap_B=0
mem_heap_extra_B=0
mem_stacks_B=1624
heap_tree=empty
#-----------
snapshot=41
#-----------
time=129082
mem_heap_B=0
mem_heap_extra_B=0
mem_stacks_B=1520
heap_tree=empty
#-----------
snapshot=42
#-----------
time=130492
mem_heap_B=0
mem_heap_extra_B=0
mem_stacks_B=1760
heap_tree=empty
#-----------
snapshot=43
#-----------
time=132361
mem_heap_B=0
mem_heap_extra_B=0
mem_stacks_B=1768
heap_tree=empty
#-----------
snapshot=44
#-----------
time=134582
mem_heap_B=0
mem_heap_extra_B=0
mem_stacks_B=1520
heap_tree=empty
#-----------
snapshot=45
#-----------
time=135945
mem_heap_B=0
mem_heap_extra_B=0
mem_stacks_B=1520
heap_tree=detailed
n0: 0 (heap allocation functions) malloc/new/new[], --alloc-fns, etc.
#-----------
snapshot=46
#-----------
time=137808
mem_heap_B=0
mem_heap_extra_B=0
mem_stacks_B=1768
heap_tree=empty
#-----------
snapshot=47
#-----------
time=139647
mem_heap_B=0
mem_heap_extra_B=0
mem_stacks_B=1304
heap_tree=empty
#-----------
snapshot=48
#-----------
time=141402
mem_heap_B=0
mem_heap_extra_B=0
mem_stacks_B=1768
heap_tree=empty
#-----------
snapshot=49
#-----------
time=143270
mem_heap_B=0
mem_heap_extra_B=0
mem_stacks_B=1304
heap_tree=empty
#-----------
snapshot=50
#-----------
time=144317
mem_heap_B=0
mem_heap_extra_B=0
mem_stacks_B=1768
heap_tree=empty
#-----------
snapshot=51
#-----------
time=145270
mem_heap_B=0
mem_heap_extra_B=0
mem_stacks_B=1304
heap_tree=empty
#-----------
snapshot=52
#-----------
time=146405
mem_heap_B=0
mem_heap_extra_B=0
mem_stacks_B=1768
heap_tree=empty
#-----------
snapshot=53
#-----------
time=147378
mem_heap_B=0
mem_heap_extra_B=0
mem_stacks_B=1304
heap_tree=detailed
n0: 0 (heap allocation functions) malloc/new/new[], --alloc-fns, etc.
#-----------
snapshot=54
#-----------
time=148489
mem_heap_B=0
mem_heap_extra_B=0
mem_stacks_B=1768
heap_tree=empty
#-----------
snapshot=55
#-----------
time=149451
mem_heap_B=0
mem_heap_extra_B=0
mem_stacks_B=1304
heap_tree=empty
#-----------
snapshot=56
#-----------
time=150411
mem_heap_B=0
mem_heap_extra_B=0
mem_stacks_B=1768
heap_tree=empty
#-----------
snapshot=57
#-----------
time=151337
mem_heap_B=0
mem_heap_extra_B=0
mem_stacks_B=1872
heap_tree=empty
#-----------
snapshot=58
#-----------
time=152243
mem_heap_B=0
mem_heap_extra_B=0
mem_stacks_B=1304
heap_tree=empty
#-----------
snapshot=59
#-----------
time=153240
mem_heap_B=0
mem_heap_extra_B=0
mem_stacks_B=1528
heap_tree=empty
#-----------
snapshot=60
#-----------
time=154367
mem_heap_B=0
mem_heap_extra_B=0
mem_stacks_B=1768
heap_tree=empty
#-----------
snapshot=61
#-----------
time=155332
mem_heap_B=0
mem_heap_extra_B=0
mem_stacks_B=1872
heap_tree=empty
#-----------
snapshot=62
#-----------
time=156244
mem_heap_B=0
mem_heap_extra_B=0
mem_stacks_B=1760
heap_tree=empty
#-----------
snapshot=63
#-----------
time=157246
mem_heap_B=0
mem_heap_extra_B=0
mem_stacks_B=1304
heap_tree=detailed
n0: 0 (heap allocation functions) malloc/new/new[], --alloc-fns, etc.
#-----------
snapshot=64
#-----------
time=158208
mem_heap_B=0
mem_heap_extra_B=0
mem_stacks_B=1528
heap_tree=empty
#-----------
snapshot=65
#-----------
time=159351
mem_heap_B=0
mem_heap_extra_B=0
mem_stacks_B=1768
heap_tree=empty
#-----------
snapshot=66
#-----------
time=160314
mem_heap_B=0
mem_heap_extra_B=0
mem_stacks_B=1872
heap_tree=empty
#-----------
snapshot=67
#-----------
time=161222
mem_heap_B=0
mem_heap_extra_B=0
mem_stacks_B=1872
heap_tree=empty
#-----------
snapshot=68
#-----------
time=162130
mem_heap_B=0
mem_heap_extra_B=0
mem_stacks_B=1520
heap_tree=empty
#-----------
snapshot=69
#-----------
time=163561
mem_heap_B=0
mem_heap_extra_B=0
mem_stacks_B=1304
heap_tree=empty
#-----------
snapshot=70
#-----------
time=164483
mem_heap_B=0
mem_heap_extra_B=0
mem_stacks_B=1296
heap_tree=empty
#-----------
snapshot=71
#-----------
time=165387
mem_heap_B=0
mem_heap_extra_B=0
mem_stacks_B=1296
heap_tree=empty
#-----------
snapshot=72
#-----------
time=166304
mem_heap_B=0
mem_heap_extra_B=0
mem_stacks_B=1304
heap_tree=empty
#-----------
snapshot=73
#-----------
time=167252
mem_heap_B=0
mem_heap_extra_B=0
mem_stacks_B=1880
heap_tree=detailed
n0: 0 (heap allocation functions) malloc/new/new[], --alloc-fns, etc.
#-----------
snapshot=74
#-----------
time=168320
mem_heap_B=0
mem_heap_extra_B=0
mem_stacks_B=1528
heap_tree=empty
#-----------
snapshot=75
#-----------
time=169257
mem_heap_B=0
mem_heap_extra_B=0
mem_stacks_B=1872
heap_tree=empty
#-----------
snapshot=76
#-----------
time=170297
mem_heap_B=0
mem_heap_extra_B=0
mem_stacks_B=1304
heap_tree=empty
#-----------
snapshot=77
#-----------
time=171290
mem_heap_B=0
mem_heap_extra_B=0
mem_stacks_B=1528
heap_tree=empty
#-----------
snapshot=78
#-----------
time=172195
mem_heap_B=0
mem_heap_extra_B=0
mem_stacks_B=1304
heap_tree=empty
#-----------
snapshot=79
#-----------
time=173144
mem_heap_B=0
mem_heap_extra_B=0
mem_stacks_B=1528
heap_tree=empty
#-----------
snapshot=80
#-----------
time=174075
mem_heap_B=0
mem_heap_extra_B=0
mem_stacks_B=1304
heap_tree=empty
#-----------
snapshot=81
#-----------
time=174994
mem_heap_B=0
mem_heap_extra_B=0
mem_stacks_B=1368
heap_tree=empty
#-----------
snapshot=82
#-----------
time=176114
mem_heap_B=0
mem_heap_extra_B=0
mem_stacks_B=1624
heap_tree=empty
#-----------
snapshot=83
#-----------
time=177100
mem_heap_B=0
mem_heap_extra_B=0
mem_stacks_B=1768
heap_tree=detailed
n0: 0 (heap allocation functions) malloc/new/new[], --alloc-fns, etc.
#-----------
snapshot=84
#-----------
time=178052
mem_heap_B=0
mem_heap_extra_B=0
mem_stacks_B=1040
heap_tree=empty
#-----------
snapshot=85
#-----------
time=179028
mem_heap_B=0
mem_heap_extra_B=0
mem_stacks_B=1624
heap_tree=empty
#-----------
snapshot=86
#-----------
time=179940
mem_heap_B=0
mem_heap_extra_B=0
mem_stacks_B=1184
heap_tree=empty
#-----------
snapshot=87
#-----------
time=180965
mem_heap_B=0
mem_heap_extra_B=0
mem_stacks_B=1624
heap_tree=empty
#-----------
snapshot=88
#-----------
time=181965
mem_heap_B=0
mem_heap_extra_B=0
mem_stacks_B=1304
heap_tree=empty
#-----------
snapshot=89
#-----------
time=183082
mem_heap_B=0
mem_heap_extra_B=0
mem_stacks_B=1768
heap_tree=empty
#-----------
snapshot=90
#-----------
time=183991
mem_heap_B=0
mem_heap_extra_B=0
mem_stacks_B=1040
heap_tree=empty
#-----------
snapshot=91
#-----------
time=184898
mem_heap_B=0
mem_heap_extra_B=0
mem_stacks_B=112
heap_tree=empty
#-----------
snapshot=92
#-----------
time=185991
mem_heap_B=0
mem_heap_extra_B=0
mem_stacks_B=312
heap_tree=empty
#-----------
snapshot=93
#-----------
time=186903
mem_heap_B=0
mem_heap_extra_B=0
mem_stacks_B=304
heap_tree=detailed
n0: 0 (heap allocation functions) malloc/new/new[], --alloc-fns, etc.
#-----------
snapshot=94
#-----------
time=187835
mem_heap_B=0
mem_heap_extra_B=0
mem_stacks_B=696
heap_tree=empty
#-----------
snapshot=95
#-----------
time=188833
mem_heap_B=0
mem_heap_extra_B=0
mem_stacks_B=760
heap_tree=empty
#-----------
snapshot=96
#-----------
time=189739
mem_heap_B=0
mem_heap_extra_B=0
mem_stacks_B=504
heap_tree=empty
#-----------
snapshot=97
#-----------
time=190651
mem_heap_B=0
mem_heap_extra_B=0
mem_stacks_B=544
heap_tree=empty
#-----------
snapshot=98
#-----------
time=191555
mem_heap_B=0
mem_heap_extra_B=0
mem_stacks_B=504
heap_tree=empty
