desc: --stacks=yes --massif-out-file=./noIO_C/build//quick_sort.massif.out
cmd: ./noIO_C/build//quick_sort
time_unit: i
#-----------
snapshot=0
#-----------
time=0
mem_heap_B=0
mem_heap_extra_B=0
mem_stacks_B=0
heap_tree=empty
#-----------
snapshot=1
#-----------
time=1251
mem_heap_B=0
mem_heap_extra_B=0
mem_stacks_B=368
heap_tree=empty
#-----------
snapshot=2
#-----------
time=62895
mem_heap_B=0
mem_heap_extra_B=0
mem_stacks_B=312
heap_tree=empty
#-----------
snapshot=3
#-----------
time=64971
mem_heap_B=0
mem_heap_extra_B=0
mem_stacks_B=656
heap_tree=empty
#-----------
snapshot=4
#-----------
time=67896
mem_heap_B=0
mem_heap_extra_B=0
mem_stacks_B=656
heap_tree=empty
#-----------
snapshot=5
#-----------
time=71320
mem_heap_B=0
mem_heap_extra_B=0
mem_stacks_B=960
heap_tree=empty
#-----------
snapshot=6
#-----------
time=74235
mem_heap_B=0
mem_heap_extra_B=0
mem_stacks_B=1104
heap_tree=empty
#-----------
snapshot=7
#-----------
time=77343
mem_heap_B=0
mem_heap_extra_B=0
mem_stacks_B=7680
heap_tree=peak
n0: 0 (heap allocation functions) malloc/new/new[], --alloc-fns, etc.
#-----------
snapshot=8
#-----------
time=80074
mem_heap_B=0
mem_heap_extra_B=0
mem_stacks_B=7648
heap_tree=empty
#-----------
snapshot=9
#-----------
time=82632
mem_heap_B=0
mem_heap_extra_B=0
mem_stacks_B=4208
heap_tree=empty
#-----------
snapshot=10
#-----------
time=84551
mem_heap_B=0
mem_heap_extra_B=0
mem_stacks_B=4016
heap_tree=empty
#-----------
snapshot=11
#-----------
time=87029
mem_heap_B=0
mem_heap_extra_B=0
mem_stacks_B=4952
heap_tree=empty
#-----------
snapshot=12
#-----------
time=88526
mem_heap_B=0
mem_heap_extra_B=0
mem_stacks_B=3824
heap_tree=empty
#-----------
snapshot=13
#-----------
time=90912
mem_heap_B=0
mem_heap_extra_B=0
mem_stacks_B=1360
heap_tree=empty
#-----------
snapshot=14
#-----------
time=94124
mem_heap_B=0
mem_heap_extra_B=0
mem_stacks_B=1080
heap_tree=detailed
n0: 0 (heap allocation functions) malloc/new/new[], --alloc-fns, etc.
#-----------
snapshot=15
#-----------
time=104497
mem_heap_B=0
mem_heap_extra_B=0
mem_stacks_B=1304
heap_tree=empty
#-----------
snapshot=16
#-----------
time=106138
mem_heap_B=0
mem_heap_extra_B=0
mem_stacks_B=1304
heap_tree=empty
#-----------
snapshot=17
#-----------
time=109337
mem_heap_B=0
mem_heap_extra_B=0
mem_stacks_B=1872
heap_tree=empty
#-----------
snapshot=18
#-----------
time=112714
mem_heap_B=0
mem_heap_extra_B=0
mem_stacks_B=1624
heap_tree=empty
#-----------
snapshot=19
#-----------
time=115283
mem_heap_B=0
mem_heap_extra_B=0
mem_stacks_B=1864
heap_tree=empty
#-----------
snapshot=20
#-----------
time=118072
mem_heap_B=0
mem_heap_extra_B=0
mem_stacks_B=1872
heap_tree=empty
#-----------
snapshot=21
#-----------
time=121502
mem_heap_B=0
mem_heap_extra_B=0
mem_stacks_B=1768
heap_tree=empty
#-----------
snapshot=22
#-----------
time=123917
mem_heap_B=0
mem_heap_extra_B=0
mem_stacks_B=1520
heap_tree=empty
#-----------
snapshot=23
#-----------
time=126831
mem_heap_B=0
mem_heap_extra_B=0
mem_stacks_B=1520
heap_tree=detailed
n0: 0 (heap allocation functions) malloc/new/new[], --alloc-fns, etc.
#-----------
snapshot=24
#-----------
time=129096
mem_heap_B=0
mem_heap_extra_B=0
mem_stacks_B=1520
heap_tree=empty
#-----------
snapshot=25
#-----------
time=132375
mem_heap_B=0
mem_heap_extra_B=0
mem_stacks_B=1768
heap_tree=empty
#-----------
snapshot=26
#-----------
time=134596
mem_heap_B=0
mem_heap_extra_B=0
mem_stacks_B=1520
heap_tree=empty
#-----------
snapshot=27
#-----------
time=137822
mem_heap_B=0
mem_heap_extra_B=0
mem_stacks_B=1768
heap_tree=empty
#-----------
snapshot=28
#-----------
time=141416
mem_heap_B=0
mem_heap_extra_B=0
mem_stacks_B=1768
heap_tree=empty
#-----------
snapshot=29
#-----------
time=143284
mem_heap_B=0
mem_heap_extra_B=0
mem_stacks_B=1304
heap_tree=empty
#-----------
snapshot=30
#-----------
time=146419
mem_heap_B=0
mem_heap_extra_B=0
mem_stacks_B=1768
heap_tree=empty
#-----------
snapshot=31
#-----------
time=148503
mem_heap_B=0
mem_heap_extra_B=0
mem_stacks_B=1768
heap_tree=empty
#-----------
snapshot=32
#-----------
time=152257
mem_heap_B=0
mem_heap_extra_B=0
mem_stacks_B=1304
heap_tree=empty
#-----------
snapshot=33
#-----------
time=154381
mem_heap_B=0
mem_heap_extra_B=0
mem_stacks_B=1768
heap_tree=empty
#-----------
snapshot=34
#-----------
time=156258
mem_heap_B=0
mem_heap_extra_B=0
mem_stacks_B=1760
heap_tree=empty
#-----------
snapshot=35
#-----------
time=158222
mem_heap_B=0
mem_heap_extra_B=0
mem_stacks_B=1528
heap_tree=empty
#-----------
snapshot=36
#-----------
time=160328
mem_heap_B=0
mem_heap_extra_B=0
mem_stacks_B=1872
heap_tree=empty
#-----------
snapshot=37
#-----------
time=162144
mem_heap_B=0
mem_heap_extra_B=0
mem_stacks_B=1520
heap_tree=empty
#-----------
snapshot=38
#-----------
time=164497
mem_heap_B=0
mem_heap_extra_B=0
mem_stacks_B=1296
heap_tree=empty
#-----------
snapshot=39
#-----------
time=166318
mem_heap_B=0
mem_heap_extra_B=0
mem_stacks_B=1304
heap_tree=empty
#-----------
snapshot=40
#-----------
time=168334
mem_heap_B=0
mem_heap_extra_B=0
mem_stacks_B=1528
heap_tree=empty
#-----------
snapshot=41
#-----------
time=170311
mem_heap_B=0
mem_heap_extra_B=0
mem_stacks_B=1304
heap_tree=empty
#-----------
snapshot=42
#-----------
time=173158
mem_heap_B=0
mem_heap_extra_B=0
mem_stacks_B=1528
heap_tree=empty
#-----------
snapshot=43
#-----------
time=176128
mem_heap_B=0
mem_heap_extra_B=0
mem_stacks_B=1624
heap_tree=empty
#-----------
snapshot=44
#-----------
time=179954
mem_heap_B=0
mem_heap_extra_B=0
mem_stacks_B=1184
heap_tree=empty
#-----------
snapshot=45
#-----------
time=181979
mem_heap_B=0
mem_heap_extra_B=0
mem_stacks_B=1304
heap_tree=empty
#-----------
snapshot=46
#-----------
time=184912
mem_heap_B=0
mem_heap_extra_B=0
mem_stacks_B=112
heap_tree=empty
#-----------
snapshot=47
#-----------
time=187491
mem_heap_B=0
mem_heap_extra_B=0
mem_stacks_B=344
heap_tree=empty
#-----------
snapshot=48
#-----------
time=191203
mem_heap_B=0
mem_heap_extra_B=0
mem_stacks_B=536
heap_tree=empty
#-----------
snapshot=49
#-----------
time=194975
mem_heap_B=0
mem_heap_extra_B=0
mem_stacks_B=440
heap_tree=empty
#-----------
snapshot=50
#-----------
time=196593
mem_heap_B=0
mem_heap_extra_B=0
mem_stacks_B=536
heap_tree=empty
#-----------
snapshot=51
#-----------
time=197858
mem_heap_B=0
mem_heap_extra_B=0
mem_stacks_B=640
heap_tree=empty
#-----------
snapshot=52
#-----------
time=199241
mem_heap_B=0
mem_heap_extra_B=0
mem_stacks_B=440
heap_tree=empty
#-----------
snapshot=53
#-----------
time=200492
mem_heap_B=0
mem_heap_extra_B=0
mem_stacks_B=448
heap_tree=detailed
n0: 0 (heap allocation functions) malloc/new/new[], --alloc-fns, etc.
#-----------
snapshot=54
#-----------
time=201743
mem_heap_B=0
mem_heap_extra_B=0
mem_stacks_B=488
heap_tree=empty
#-----------
snapshot=55
#-----------
time=203007
mem_heap_B=0
mem_heap_extra_B=0
mem_stacks_B=632
heap_tree=empty
#-----------
snapshot=56
#-----------
time=204274
mem_heap_B=0
mem_heap_extra_B=0
mem_stacks_B=536
heap_tree=empty
#-----------
snapshot=57
#-----------
time=205525
mem_heap_B=0
mem_heap_extra_B=0
mem_stacks_B=568
heap_tree=empty
#-----------
snapshot=58
#-----------
time=206802
mem_heap_B=0
mem_heap_extra_B=0
mem_stacks_B=600
heap_tree=empty
#-----------
snapshot=59
#-----------
time=208061
mem_heap_B=0
mem_heap_extra_B=0
mem_stacks_B=512
heap_tree=empty
